New POST to: /api/v1/register
New POST to: /api/v1/register
New POST to: /api/v1/register
New POST to: /api/v1/register
New POST to: /api/v1/register
New POST to: /api/v1/register
New POST to: /api/v1/register
New POST to: /api/v1/register
New POST to: /api/v1/register
New POST to: /api/v1/register
New POST to: /api/v1/register
New POST to: /api/v1/register
New POST to: /api/v1/register
New POST to: /api/v1/register
New POST to: /api/v1/register
New POST to: /api/v1/register
New POST to: /api/v1/register
New POST to: /api/v1/register
New POST to: /api/v1/register
New POST to: /api/v1/register
New POST to: /api/v1/register
New POST to: /api/v1/register
New POST to: /api/v1/register
New POST to: /api/v1/register
New POST to: /api/v1/login
New POST to: /api/v1/login
New POST to: /api/v1/login
New POST to: /api/v1/login
New POST to: /api/v1/login
New POST to: /api/v1/login
New POST to: /api/v1/login
New POST to: /api/v1/login
New POST to: /api/v1/login
New POST to: /api/v1/login
New POST to: /api/v1/login
New POST to: /api/v1/login
New POST to: /api/v1/login
New POST to: /api/v1/login
New POST to: /api/v1/login
New GET to: /api/v1/allUsers
New GET to: /api/v1/allUsers
New POST to: /api/v1/login
New POST to: /api/v1/login
New POST to: /api/v1/login
New POST to: /api/v1/login
New GET to: /api/v1/allUsers
New POST to: /api/v1/register
New POST to: /api/v1/register
New POST to: /api/v1/register
New POST to: /api/v1/login
New POST to: /api/v1/login
New GET to: /api/v1/allUsers
New POST to: /api/v1/login
New GET to: /api/v1/allUsers
New POST to: /api/v1/login
New POST to: /api/v1//login
New POST to: /api/v1/login
New POST to: /api/v1/login
New POST to: /api/v1/login
New POST to: /api/v1/login
New POST to: /api/v1/login
New POST to: /api/v1/login
New POST to: /api/v1/login
New GET to: /api/v1/allUsers
New POST to: /api/v1/login
New POST to: /api/v1/login
New POST to: /api/v1/login
New POST to: /api/v1/login
New POST to: /api/v1/login
New POST to: /api/v1/login
New POST to: /api/v1/login
New POST to: /api/v1/login
New POST to: /api/v1/login
New POST to: /api/v1/login
New POST to: /api/v1/login
New GET to: /api/v1/vacations
New GET to: /api/v1/vacations/2
New POST to: /api/v1/vacations
New POST to: /api/v1/vacations
New POST to: /api/v1/vacations
New POST to: /api/v1/vacations
New POST to: /api/v1/vacations
New GET to: /api/v1/vacations
New GET to: /api/v1/vacations
New GET to: /api/v1/vacations
New GET to: /api/v1/vacations
New POST to: /api/v1/vacations
New POST to: /api/v1/vacations
New POST to: /api/v1/vacations
New POST to: /api/v1/vacations
New POST to: /api/v1/vacations
New POST to: /api/v1/vacations
New POST to: /api/v1/vacations
New GET to: /api/v1/vacations
New GET to: /api/v1/vacations
New GET to: /api/v1/vacations
New GET to: /api/v1/vacations
New GET to: /api/v1/all
New GET to: /api/v1/allUsers
New POST to: /api/v1/login
New GET to: /api/v1/vacations
New GET to: /api/v1/vacations
New POST to: /api/v1/login
New GET to: /api/v1/vacations
New GET to: /api/v1/vacations
New POST to: /api/v1/register
New POST to: /api/v1/register
New POST to: /api/v1/register
New POST to: /api/v1/register
New POST to: /api/v1/register
New POST to: /api/v1/register
New POST to: /api/v1/register
New GET to: /api/v1/allUsers
New POST to: /api/v1/login
New GET to: /api/v1/vacations
New POST to: /api/v1/vacations
New POST to: /api/v1/register
New POST to: /api/v1/register
New POST to: /api/v1/login
New POST to: /api/v1/login
New POST to: /api/v1/login
New POST to: /api/v1/login
New POST to: /api/v1/login
New POST to: /api/v1/login
New GET to: /api/v1/vacations
New POST to: /api/v1/vacation
New POST to: /api/v1/vacations
New GET to: /api/v1/vacations
New POST to: /api/v1/vacations
New GET to: /api/v1/allUsers
New GET to: /api/v1/vacations
New GET to: /api/v1/allUsers
New POST to: /api/v1/register
New POST to: /api/v1/register
New POST to: /api/v1/register
New POST to: /api/v1/register
New POST to: /api/v1/login
New GET to: /api/v1/login
New POST to: /api/v1/register
New POST to: /api/v1/login
New GET to: /api/v1/vacations
New GET to: /api/v1/allUsers
New POST to: /api/v1/login
New POST to: /api/v1/login
New POST to: /api/v1/login
New GET to: /api/v1/allUsers
New GET to: /api/v1/allUsers
New GET to: /api/v1/allUsers
New GET to: /api/v1/allUsers
New GET to: /api/v1/allUsers
New GET to: /api/v1/allUsers
New POST to: /api/v1/login
New POST to: /api/v1/login
New POST to: /api/v1/login
New GET to: /api/v1/vacations
New POST to: /api/v1/vacations
New POST to: /api/v1/register
New GET to: /api/v1/vacations
New POST to: /api/v1/login
New GET to: /api/v1/vacations
New POST to: /api/v1/vacations
New POST to: /api/v1/vacations
New POST to: /api/v1/login
New GET to: /api/v1/vacations
New POST to: /api/v1/vacations
New GET to: /api/v1/vacations
New GET to: /api/v1/vacations
New GET to: /api/v1/vacations
New GET to: /api/v1/vacations
New GET to: /api/v1/vacations
New POST to: /api/v1/login
New GET to: /api/v1/vacations
New POST to: /api/v1/vacations
New POST to: /api/v1/vacations
New POST to: /api/v1/vacations
New POST to: /api/v1/vacations
New POST to: /api/v1/vacations
New POST to: /api/v1/vacations
New POST to: /api/v1/vacations
New POST to: /api/v1/vacations
New POST to: /api/v1/vacations
New POST to: /api/v1/vacations
New POST to: /api/v1/vacations
New POST to: /api/v1/vacations
New POST to: /api/v1/login
New GET to: /api/v1/vacations
New POST to: /api/v1/vacations
New POST to: /api/v1/login
New GET to: /api/v1/vacations
New POST to: /api/v1/vacations
New GET to: /api/v1/vacations
New POST to: /api/v1/vacations
New POST to: /api/v1/vacations
New GET to: /api/v1/vacations
New POST to: /api/v1/login
New POST to: /api/v1/login
New GET to: /api/v1/vacations
New POST to: /api/v1/vacations
New GET to: /api/v1/vacations
New GET to: /api/v1/vacations
New POST to: /api/v1/login
New GET to: /api/v1/vacations
New POST to: /api/v1/login
New GET to: /api/v1/vacations
New GET to: /api/v1/vacations
New POST to: /api/v1/login
New GET to: /api/v1/vacations
New GET to: /api/v1/vacations
New POST to: /api/v1/register
New POST to: /api/v1/register
New POST to: /api/v1/register
New GET to: /api/v1/vacations
New GET to: /api/v1/vacations
New POST to: /api/v1/login
New GET to: /api/v1/vacations
New POST to: /api/v1/login
New GET to: /api/v1/vacations
New GET to: /api/v1/vacations
New GET to: /api/v1/vacations
New GET to: /api/v1/vacations
New GET to: /api/v1/vacations
New GET to: /api/v1/vacations
New GET to: /api/v1/vacations
New GET to: /api/v1/vacations
New GET to: /api/v1/vacations
New GET to: /api/v1/vacations
New GET to: /api/v1/vacations
New GET to: /api/v1/vacations
New GET to: /api/v1/vacations
New GET to: /api/v1/vacations
New GET to: /api/v1/vacations
New GET to: /api/v1/vacations
New GET to: /api/v1/vacations
New GET to: /api/v1/vacations
New POST to: /api/v1/vacations
New POST to: /api/v1/vacations
New POST to: /api/v1/vacations
New POST to: /api/v1/vacations
New GET to: /api/v1/vacations
New POST to: /api/v1/login
New GET to: /api/v1/vacations
New GET to: /api/v1/vacations
New GET to: /api/v1/vacations
New GET to: /api/v1/vacations
New GET to: /api/v1/vacations
New GET to: /api/v1/vacations
New GET to: /api/v1/vacations
New GET to: /api/v1/vacations
New GET to: /api/v1/vacations
New GET to: /api/v1/vacations
New GET to: /api/v1/vacations
New GET to: /api/v1/vacations
New GET to: /api/v1/vacations
New GET to: /api/v1/vacations
New GET to: /api/v1/vacations
New GET to: /api/v1/vacations
New POST to: /api/v1/login
New GET to: /api/v1/vacations
New GET to: /api/v1/vacations
New GET to: /api/v1/vacations
New GET to: /api/v1/vacations
New GET to: /api/v1/vacations
New GET to: /api/v1/vacations
New GET to: /api/v1/vacations
New GET to: /api/v1/vacations
New POST to: /api/v1/login
New GET to: /api/v1/vacations
New GET to: /api/v1/vacations
New GET to: /api/v1/vacations
New GET to: /api/v1/vacations
New GET to: /api/v1/vacations
New GET to: /api/v1/vacations
New GET to: /api/v1/vacations
New GET to: /api/v1/vacations
New GET to: /api/v1/vacations
New GET to: /api/v1/vacations
New GET to: /api/v1/vacations
New GET to: /api/v1/vacations
New GET to: /api/v1/vacations
New GET to: /api/v1/vacations
New POST to: /api/v1/login
New GET to: /api/v1/vacations
New GET to: /api/v1/vacations
New GET to: /api/v1/vacations
New GET to: /api/v1/vacations
New GET to: /api/v1/vacations
New GET to: /api/v1/vacations
New GET to: /api/v1/vacations
New GET to: /api/v1/vacations
New GET to: /api/v1/vacations
New GET to: /api/v1/vacations
New GET to: /api/v1/vacations
New GET to: /api/v1/vacations
New GET to: /api/v1/vacations
New GET to: /api/v1/vacations
New GET to: /api/v1/vacations
New GET to: /api/v1/vacations
New GET to: /api/v1/vacations
New GET to: /api/v1/vacations
New POST to: /api/v1/login
New GET to: /api/v1/vacations
New GET to: /api/v1/vacations
New GET to: /api/v1/vacations
New GET to: /api/v1/vacations
New GET to: /api/v1/vacations
New GET to: /api/v1/vacations
New GET to: /api/v1/vacations
New GET to: /api/v1/vacations
New GET to: /api/v1/vacations
New GET to: /api/v1/vacations
New GET to: /api/v1/vacations
New POST to: /api/v1/login
New GET to: /api/v1/vacations
New GET to: /api/v1/vacations
New GET to: /api/v1/vacations
New GET to: /api/v1/vacations
New GET to: /api/v1/vacations
New GET to: /api/v1/vacations
New GET to: /api/v1/vacations
New GET to: /api/v1/vacations
New GET to: /api/v1/vacations
New GET to: /api/v1/vacations
New GET to: /api/v1/vacations
New GET to: /api/v1/vacations
New GET to: /api/v1/vacations
New GET to: /api/v1/vacations
New POST to: /api/v1/login
New GET to: /api/v1/vacations
New GET to: /api/v1/vacations
New GET to: /api/v1/vacations
New POST to: /api/v1/login
New GET to: /api/v1/vacations
New GET to: /api/v1/vacations
New GET to: /api/v1/vacations
New GET to: /api/v1/vacations
New GET to: /api/v1/vacations
New POST to: /api/v1/login
New POST to: /api/v1/login
New POST to: /api/v1/login
New POST to: /api/v1/login
New POST to: /api/v1/login
New POST to: /api/v1/login
New GET to: /api/v1/vacations
New GET to: /api/v1/vacations
New GET to: /api/v1/vacations
New POST to: /api/v1/login
New GET to: /api/v1/vacations
New GET to: /api/v1/vacations
New GET to: /api/v1/vacations
New GET to: /api/v1/vacations
New GET to: /api/v1/vacations
New POST to: /api/v1/login
New GET to: /api/v1/vacations
New GET to: /api/v1/vacations
New GET to: /api/v1/vacations
New POST to: /api/v1/login
New GET to: /api/v1/vacations
New POST to: /api/v1/login
New GET to: /api/v1/vacations
New POST to: /api/v1/vacations
New POST to: /api/v1/vacations
New GET to: /api/v1/vacations
New GET to: /api/v1/vacations
New GET to: /api/v1/vacations
New GET to: /api/v1/vacations/2
New PUT to: /api/v1/vacations/2
New PUT to: /api/v1/vacation/2
New PUT to: /api/v1/vacation/2
New PUT to: /api/v1/vacation/2
New PUT to: /api/v1/vacation/2
New PUT to: /api/v1/vacation/2
New PUT to: /api/v1/vacation/2
New PUT to: /api/v1/vacation/2
New PUT to: /api/v1/vacation/13
New GET to: /api/v1/vacations/14
New PUT to: /api/v1/vacations/14
New PUT to: /api/v1/vacation/14
New PUT to: /api/v1/vacation/14
New PUT to: /api/v1/vacation/14
New POST to: /api/v1/login
New GET to: /api/v1/vacations
New GET to: /api/v1/vacations
New GET to: /api/v1/vacations
New GET to: /api/v1/vacations
New GET to: /api/v1/vacations
New POST to: /api/v1/login
New GET to: /api/v1/vacations
New GET to: /api/v1/vacations
New GET to: /api/v1/vacations
New GET to: /api/v1/vacations
New POST to: /api/v1/login
New GET to: /api/v1/vacations
New GET to: /api/v1/vacations
New GET to: /api/v1/vacations/2
New PUT to: /api/v1/vacations/2
New GET to: /api/v1/vacations
New GET to: /api/v1/vacations/2
New GET to: /api/v1/vacations/1
New GET to: /api/v1/vacations
New GET to: /api/v1/vacations/1
New GET to: /api/v1/vacations
New GET to: /api/v1/vacations/1
New PUT to: /api/v1/vacation/1
New GET to: /api/v1/vacations
New POST to: /api/v1/login
New GET to: /api/v1/vacations
New GET to: /api/v1/vacations
New GET to: /api/v1/vacations
New GET to: /api/v1/vacations
New GET to: /api/v1/vacations
New POST to: /api/v1/login
New GET to: /api/v1/vacations
New GET to: /api/v1/vacations
New GET to: /api/v1/vacations/1
New PUT to: /api/v1/vacation/1
New GET to: /api/v1/vacations
New GET to: /api/v1/vacations/1
New PUT to: /api/v1/vacation/1
New GET to: /api/v1/vacations
New GET to: /api/v1/vacations
New GET to: /api/v1/vacations
New GET to: /api/v1/vacations
New GET to: /api/v1/vacations/1
New PUT to: /api/v1/vacation/1
New GET to: /api/v1/vacations
New GET to: /api/v1/vacations/2
New POST to: /api/v1/login
New GET to: /api/v1/vacations
New GET to: /api/v1/vacations
New GET to: /api/v1/vacations/1
New GET to: /api/v1/vacations/1
New GET to: /api/v1/vacations/1
New GET to: /api/v1/vacations/1
New GET to: /api/v1/vacations
New GET to: /api/v1/vacations
New GET to: /api/v1/vacations/2
New GET to: /api/v1/vacations/1
New GET to: /api/v1/vacations/1
New GET to: /api/v1/vacations
New GET to: /api/v1/vacations/1
New GET to: /api/v1/vacations
New GET to: /api/v1/vacations/3
New GET to: /api/v1/vacations
New GET to: /api/v1/vacations/3
New GET to: /api/v1/vacations
New GET to: /api/v1/vacations/1
New PUT to: /api/v1/vacation/1
New GET to: /api/v1/vacations
New GET to: /api/v1/vacations/5
New PUT to: /api/v1/vacation/5
New GET to: /api/v1/vacations
New POST to: /api/v1/login
New GET to: /api/v1/vacations
New GET to: /api/v1/vacations
New GET to: /api/v1/vacations
New POST to: /api/v1/login
New GET to: /api/v1/vacations
New GET to: /api/v1/vacations
New POST to: /api/v1/vacations
New GET to: /api/v1/vacations
New POST to: /api/v1/login
New GET to: /api/v1/vacations
New POST to: /api/v1/vacations
New GET to: /api/v1/vacations
New GET to: /api/v1/vacations
New GET to: /api/v1/vacations
New GET to: /api/v1/vacations
New GET to: /api/v1/vacations
New GET to: /api/v1/vacations
New GET to: /api/v1/vacations
New GET to: /api/v1/vacations
New GET to: /api/v1/vacations
New POST to: /api/v1/login
New GET to: /api/v1/vacations
New GET to: /api/v1/vacations
New POST to: /api/v1/vacations
New GET to: /api/v1/vacations
New GET to: /api/v1/vacations
New GET to: /api/v1/vacations
New GET to: /api/v1/vacations
New GET to: /api/v1/vacations
New GET to: /api/v1/vacations
New POST to: /api/v1/vacations
New GET to: /api/v1/vacations
New GET to: /api/v1/vacations
New GET to: /api/v1/vacations
New GET to: /api/v1/vacations
New POST to: /api/v1/login
New GET to: /api/v1/vacations
New GET to: /api/v1/vacations
New POST to: /api/v1/vacations
New GET to: /api/v1/vacations
New GET to: /api/v1/vacations
New GET to: /api/v1/vacations
New GET to: /api/v1/vacations
New GET to: /api/v1/vacations
New GET to: /api/v1/vacations/33
New POST to: /api/v1/register
New GET to: /api/v1/vacations
New POST to: /api/v1/register
New GET to: /api/v1/vacations
New GET to: /api/v1/vacations
New GET to: /api/v1/vacations/2
New GET to: /api/v1/vacations
New GET to: /api/v1/vacations
New POST to: /api/v1/login
New GET to: /api/v1/vacations
New GET to: /api/v1/vacations
New GET to: /api/v1/vacations/3
New GET to: /api/v1/vacations
New GET to: /api/v1/vacation-pg?page=1&limit=10%0A
New POST to: /api/v1/register
New GET to: /api/v1/vacations
New GET to: /api/v1/vacations
New POST to: /api/v1/vacations
New GET to: /api/v1/vacations
New GET to: /api/v1/vacations
New GET to: /api/v1/vacations
New GET to: /api/v1/vacations
New GET to: /api/v1/vacations
New GET to: /api/v1/vacations
New GET to: /api/v1/vacations
New GET to: /api/v1/vacations
New GET to: /api/v1/vacations
New GET to: /api/v1/vacations
New GET to: /api/v1/vacations
New POST to: /api/v1/login
New GET to: /api/v1/vacations
New GET to: /api/v1/vacations
New POST to: /api/v1/vacations
New GET to: /api/v1/vacations
New GET to: /api/v1/vacations
New POST to: /api/v1/vacations
New GET to: /api/v1/vacations
New GET to: /api/v1/vacations
New GET to: /api/v1/vacations
New GET to: /api/v1/vacations
New GET to: /api/v1/vacations
New GET to: /api/v1/vacations
New GET to: /api/v1/vacations
New GET to: /api/v1/vacations
New POST to: /api/v1/vacations
New GET to: /api/v1/vacations
New GET to: /api/v1/vacations
New POST to: /api/v1/login
New GET to: /api/v1/vacations
New GET to: /api/v1/vacations
New POST to: /api/v1/vacations
New GET to: /api/v1/vacations
New GET to: /api/v1/vacations
New GET to: /api/v1/vacations
New GET to: /api/v1/vacations
New GET to: /api/v1/vacations
New POST to: /api/v1/login
New GET to: /api/v1/vacations
New GET to: /api/v1/vacations
New GET to: /api/v1/vacations
New GET to: /api/v1/vacations
New GET to: /api/v1/vacations
New GET to: /api/v1/vacations/1
New POST to: /api/v1/vacations/1
New POST to: /api/v1/vacations
New POST to: /api/v1/vacations
New POST to: /api/vacations/image/1
New POST to: /api/v1/vacations/image/1
New POST to: /api/v1/login
New GET to: /api/v1/vacations
New GET to: /api/v1/vacations
New GET to: /api/v1/vacations
New GET to: /api/v1/vacations
New POST to: /api/v1/login
New GET to: /api/v1/vacations
New GET to: /api/v1/vacations
New POST to: /api/v1/login
New GET to: /api/v1/vacations
New GET to: /api/v1/vacations
New GET to: /api/v1/vacations
New GET to: /api/v1/vacations
New POST to: /api/v1/login
New GET to: /api/v1/vacations
New GET to: /api/v1/vacations
New GET to: /api/v1/vacations
New GET to: /api/v1/vacations
New POST to: /api/v1/vacations
New POST to: /api/v1/login
New GET to: /api/v1/vacations
New GET to: /api/v1/vacations
New POST to: /api/v1/vacations
New POST to: /api/v1/login
New GET to: /api/v1/vacations
New GET to: /api/v1/vacations
New POST to: /api/v1/vacations
New POST to: /api/v1/vacations
New POST to: /api/v1/vacations
New POST to: /api/v1/login
New GET to: /api/v1/vacations
New GET to: /api/v1/vacations
New POST to: /api/v1/vacations
New POST to: /api/v1/vacations
New POST to: /api/v1/login
New GET to: /api/v1/vacations
New GET to: /api/v1/vacations
New POST to: /api/v1/vacations
New GET to: /api/v1/vacations
